<?xml version="1.0" encoding="UTF-8"?>
<!-- Generated by org.testng.reporters.JUnitXMLReporter -->
<testsuite ignored="0" hostname="INDP277LT" failures="0" tests="5" name="Test" time="36.967" errors="0" timestamp="2021-10-28T23:57:28 IST">
  <testcase classname="com.orangehr.tests.TestDemo" name="test02" time="1.075"/>
  <testcase classname="com.orangehr.tests.TestDemo" name="test02" time="1.017"/>
  <testcase classname="com.orangehr.tests.TestDemo" name="test01" time="0.255"/>
  <testcase classname="com.orangehr.tests.TestDemo" name="test01" time="0.236"/>
  <testcase classname="com.orangehr.tests.TestDemo" name="test01" time="0.153"/>
</testsuite> <!-- Test -->
