<?xml version="1.0" encoding="UTF-8"?>
<testng-results ignored="0" total="5" passed="5" failed="0" skipped="0">
  <reporter-output>
  </reporter-output>
  <suite started-at="2021-10-28T23:56:51 IST" name="Suite" finished-at="2021-10-28T23:57:28 IST" duration-ms="36967">
    <groups>
    </groups>
    <test started-at="2021-10-28T23:56:51 IST" name="Test" finished-at="2021-10-28T23:57:28 IST" duration-ms="36967">
      <class name="com.orangehr.tests.TestDemo">
        <test-method is-config="true" signature="setUp()[pri:0, instance:com.orangehr.tests.TestDemo@3c73951]" started-at="2021-10-28T23:56:50 IST" name="setUp" finished-at="2021-10-28T23:56:51 IST" duration-ms="630" status="PASS">
          <reporter-output>
          </reporter-output>
        </test-method> <!-- setUp -->
        <test-method is-config="true" signature="initDriver(java.lang.reflect.Method)[pri:0, instance:com.orangehr.tests.TestDemo@3c73951]" started-at="2021-10-28T23:56:51 IST" name="initDriver" finished-at="2021-10-28T23:57:14 IST" duration-ms="22825" status="PASS">
          <params>
            <param index="0">
              <value>
                <![CDATA[public void com.orangehr.tests.TestDemo.test01(java.lang.String) throws java.lang.Exception]]>
              </value>
            </param>
          </params>
          <reporter-output>
          </reporter-output>
        </test-method> <!-- initDriver -->
        <test-method is-config="true" signature="initDriver(java.lang.reflect.Method)[pri:0, instance:com.orangehr.tests.TestDemo@3c73951]" started-at="2021-10-28T23:56:51 IST" name="initDriver" finished-at="2021-10-28T23:57:12 IST" duration-ms="21472" status="PASS">
          <params>
            <param index="0">
              <value>
                <![CDATA[public void com.orangehr.tests.TestDemo.test02(java.lang.String) throws java.lang.Exception]]>
              </value>
            </param>
          </params>
          <reporter-output>
          </reporter-output>
        </test-method> <!-- initDriver -->
        <test-method is-config="true" signature="initDriver(java.lang.reflect.Method)[pri:0, instance:com.orangehr.tests.TestDemo@3c73951]" started-at="2021-10-28T23:56:52 IST" name="initDriver" finished-at="2021-10-28T23:57:17 IST" duration-ms="24343" status="PASS">
          <params>
            <param index="0">
              <value>
                <![CDATA[public void com.orangehr.tests.TestDemo.test01(java.util.Map) throws java.lang.Exception]]>
              </value>
            </param>
          </params>
          <reporter-output>
          </reporter-output>
        </test-method> <!-- initDriver -->
        <test-method is-config="true" signature="initDriver(java.lang.reflect.Method)[pri:0, instance:com.orangehr.tests.TestDemo@3c73951]" started-at="2021-10-28T23:56:52 IST" name="initDriver" finished-at="2021-10-28T23:57:12 IST" duration-ms="19357" status="PASS">
          <params>
            <param index="0">
              <value>
                <![CDATA[public void com.orangehr.tests.TestDemo.test02(java.util.Map) throws java.lang.Exception]]>
              </value>
            </param>
          </params>
          <reporter-output>
          </reporter-output>
        </test-method> <!-- initDriver -->
        <test-method signature="test02(java.util.Map)[pri:0, instance:com.orangehr.tests.TestDemo@3c73951]" started-at="2021-10-28T23:57:12 IST" name="test02" data-provider="dataProvider" finished-at="2021-10-28T23:57:13 IST" duration-ms="1075" status="PASS">
          <params>
            <param index="0">
              <value>
                <![CDATA[{TestData=Username=TestUser, Execute=Yes, TestCaseName=test02}]]>
              </value>
            </param>
          </params>
          <reporter-output>
          </reporter-output>
        </test-method> <!-- test02 -->
        <test-method signature="test02(java.lang.String)[pri:0, instance:com.orangehr.tests.TestDemo@3c73951]" started-at="2021-10-28T23:57:12 IST" name="test02" data-provider="data" finished-at="2021-10-28T23:57:13 IST" duration-ms="1017" status="PASS">
          <params>
            <param index="0">
              <value>
                <![CDATA[TestUser]]>
              </value>
            </param>
          </params>
          <reporter-output>
          </reporter-output>
        </test-method> <!-- test02 -->
        <test-method is-config="true" signature="quitDriver(org.testng.ITestResult)[pri:0, instance:com.orangehr.tests.TestDemo@3c73951]" started-at="2021-10-28T23:57:13 IST" name="quitDriver" finished-at="2021-10-28T23:57:15 IST" duration-ms="2412" status="PASS">
          <params>
            <param index="0">
              <value>
                <![CDATA[[TestResult name=test02 status=SUCCESS method=TestDemo.test02(java.util.Map)[pri:0, instance:com.orangehr.tests.TestDemo@3c73951] output={null}]]]>
              </value>
            </param>
          </params>
          <reporter-output>
          </reporter-output>
        </test-method> <!-- quitDriver -->
        <test-method is-config="true" signature="quitDriver(org.testng.ITestResult)[pri:0, instance:com.orangehr.tests.TestDemo@3c73951]" started-at="2021-10-28T23:57:13 IST" name="quitDriver" finished-at="2021-10-28T23:57:15 IST" duration-ms="2060" status="PASS">
          <params>
            <param index="0">
              <value>
                <![CDATA[[TestResult name=test02 status=SUCCESS method=TestDemo.test02(java.lang.String)[pri:0, instance:com.orangehr.tests.TestDemo@3c73951] output={null}]]]>
              </value>
            </param>
          </params>
          <reporter-output>
          </reporter-output>
        </test-method> <!-- quitDriver -->
        <test-method signature="test01(java.lang.String)[pri:0, instance:com.orangehr.tests.TestDemo@3c73951]" started-at="2021-10-28T23:57:14 IST" name="test01" data-provider="data" finished-at="2021-10-28T23:57:14 IST" duration-ms="255" status="PASS">
          <params>
            <param index="0">
              <value>
                <![CDATA[TestUser]]>
              </value>
            </param>
          </params>
          <reporter-output>
          </reporter-output>
        </test-method> <!-- test01 -->
        <test-method is-config="true" signature="quitDriver(org.testng.ITestResult)[pri:0, instance:com.orangehr.tests.TestDemo@3c73951]" started-at="2021-10-28T23:57:14 IST" name="quitDriver" finished-at="2021-10-28T23:57:16 IST" duration-ms="2097" status="PASS">
          <params>
            <param index="0">
              <value>
                <![CDATA[[TestResult name=test01 status=SUCCESS method=TestDemo.test01(java.lang.String)[pri:0, instance:com.orangehr.tests.TestDemo@3c73951] output={null}]]]>
              </value>
            </param>
          </params>
          <reporter-output>
          </reporter-output>
        </test-method> <!-- quitDriver -->
        <test-method signature="test01(java.util.Map)[pri:0, instance:com.orangehr.tests.TestDemo@3c73951]" started-at="2021-10-28T23:57:17 IST" name="test01" data-provider="dataProvider" finished-at="2021-10-28T23:57:17 IST" duration-ms="236" status="PASS">
          <params>
            <param index="0">
              <value>
                <![CDATA[{TestData=Username=TestUser, Execute=Yes, TestCaseName=test01}]]>
              </value>
            </param>
          </params>
          <reporter-output>
          </reporter-output>
        </test-method> <!-- test01 -->
        <test-method is-config="true" signature="quitDriver(org.testng.ITestResult)[pri:0, instance:com.orangehr.tests.TestDemo@3c73951]" started-at="2021-10-28T23:57:17 IST" name="quitDriver" finished-at="2021-10-28T23:57:19 IST" duration-ms="1661" status="PASS">
          <params>
            <param index="0">
              <value>
                <![CDATA[[TestResult name=test01 status=SUCCESS method=TestDemo.test01(java.util.Map)[pri:0, instance:com.orangehr.tests.TestDemo@3c73951] output={null}]]]>
              </value>
            </param>
          </params>
          <reporter-output>
          </reporter-output>
        </test-method> <!-- quitDriver -->
        <test-method is-config="true" signature="initDriver(java.lang.reflect.Method)[pri:0, instance:com.orangehr.tests.TestDemo@3c73951]" started-at="2021-10-28T23:57:19 IST" name="initDriver" finished-at="2021-10-28T23:57:26 IST" duration-ms="7781" status="PASS">
          <params>
            <param index="0">
              <value>
                <![CDATA[public void com.orangehr.tests.TestDemo.test01(java.util.Map) throws java.lang.Exception]]>
              </value>
            </param>
          </params>
          <reporter-output>
          </reporter-output>
        </test-method> <!-- initDriver -->
        <test-method signature="test01(java.util.Map)[pri:0, instance:com.orangehr.tests.TestDemo@3c73951]" started-at="2021-10-28T23:57:26 IST" name="test01" data-provider="dataProvider" finished-at="2021-10-28T23:57:27 IST" duration-ms="153" status="PASS">
          <params>
            <param index="0">
              <value>
                <![CDATA[{TestData=Username=TestUser, Execute=Yes, TestCaseName=test01}]]>
              </value>
            </param>
          </params>
          <reporter-output>
          </reporter-output>
        </test-method> <!-- test01 -->
        <test-method is-config="true" signature="quitDriver(org.testng.ITestResult)[pri:0, instance:com.orangehr.tests.TestDemo@3c73951]" started-at="2021-10-28T23:57:27 IST" name="quitDriver" finished-at="2021-10-28T23:57:28 IST" duration-ms="1126" status="PASS">
          <params>
            <param index="0">
              <value>
                <![CDATA[[TestResult name=test01 status=SUCCESS method=TestDemo.test01(java.util.Map)[pri:0, instance:com.orangehr.tests.TestDemo@3c73951] output={null}]]]>
              </value>
            </param>
          </params>
          <reporter-output>
          </reporter-output>
        </test-method> <!-- quitDriver -->
        <test-method is-config="true" signature="tearDown()[pri:0, instance:com.orangehr.tests.TestDemo@3c73951]" started-at="2021-10-28T23:57:28 IST" name="tearDown" finished-at="2021-10-28T23:57:28 IST" duration-ms="487" status="PASS">
          <reporter-output>
          </reporter-output>
        </test-method> <!-- tearDown -->
      </class> <!-- com.orangehr.tests.TestDemo -->
    </test> <!-- Test -->
  </suite> <!-- Suite -->
</testng-results>
